24 MAY 2026, 17 : 18 : 08 .049336 - Payment processing: RuntimeError('Testing payment failure')
Traceback (most recent call last):
  File "C:\Users\SELVAM\OneDrive\Desktop\POS\Project\main.py", line 1014, in pay_current_receipt
    receipt_no = committer.commit_paid_sale(
                 ^^^^^^^^^^^^^^^^^^^^^^^^^^^
  File "C:\Users\SELVAM\OneDrive\Desktop\POS\Project\modules\db_operation\paid_sale_committer.py", line 105, in commit_paid_sale
    raise RuntimeError("Testing payment failure")
RuntimeError: Testing payment failure

24 MAY 2026, 17 : 18 : 14 .130284 - Payment processing: RuntimeError('Testing payment failure')
Traceback (most recent call last):
  File "C:\Users\SELVAM\OneDrive\Desktop\POS\Project\main.py", line 1014, in pay_current_receipt
    receipt_no = committer.commit_paid_sale(
                 ^^^^^^^^^^^^^^^^^^^^^^^^^^^
  File "C:\Users\SELVAM\OneDrive\Desktop\POS\Project\modules\db_operation\paid_sale_committer.py", line 105, in commit_paid_sale
    raise RuntimeError("Testing payment failure")
RuntimeError: Testing payment failure

24 MAY 2026, 17 : 18 : 18 .281521 - Payment processing: RuntimeError('Testing payment failure')
Traceback (most recent call last):
  File "C:\Users\SELVAM\OneDrive\Desktop\POS\Project\main.py", line 1014, in pay_current_receipt
    receipt_no = committer.commit_paid_sale(
                 ^^^^^^^^^^^^^^^^^^^^^^^^^^^
  File "C:\Users\SELVAM\OneDrive\Desktop\POS\Project\modules\db_operation\paid_sale_committer.py", line 105, in commit_paid_sale
    raise RuntimeError("Testing payment failure")
RuntimeError: Testing payment failure

24 MAY 2026, 17 : 19 : 57 .777520 - Payment processing: RuntimeError('Testing payment failure')
Traceback (most recent call last):
  File "C:\Users\SELVAM\OneDrive\Desktop\POS\Project\main.py", line 1014, in pay_current_receipt
    receipt_no = committer.commit_paid_sale(
                 ^^^^^^^^^^^^^^^^^^^^^^^^^^^
  File "C:\Users\SELVAM\OneDrive\Desktop\POS\Project\modules\db_operation\paid_sale_committer.py", line 105, in commit_paid_sale
    raise RuntimeError("Testing payment failure")
RuntimeError: Testing payment failure

24 MAY 2026, 17 : 19 : 59 .279224 - Payment processing: RuntimeError('Testing payment failure')
Traceback (most recent call last):
  File "C:\Users\SELVAM\OneDrive\Desktop\POS\Project\main.py", line 1014, in pay_current_receipt
    receipt_no = committer.commit_paid_sale(
                 ^^^^^^^^^^^^^^^^^^^^^^^^^^^
  File "C:\Users\SELVAM\OneDrive\Desktop\POS\Project\modules\db_operation\paid_sale_committer.py", line 105, in commit_paid_sale
    raise RuntimeError("Testing payment failure")
RuntimeError: Testing payment failure

24 MAY 2026, 17 : 20 : 02 .005943 - Payment processing: RuntimeError('Testing payment failure')
Traceback (most recent call last):
  File "C:\Users\SELVAM\OneDrive\Desktop\POS\Project\main.py", line 1014, in pay_current_receipt
    receipt_no = committer.commit_paid_sale(
                 ^^^^^^^^^^^^^^^^^^^^^^^^^^^
  File "C:\Users\SELVAM\OneDrive\Desktop\POS\Project\modules\db_operation\paid_sale_committer.py", line 105, in commit_paid_sale
    raise RuntimeError("Testing payment failure")
RuntimeError: Testing payment failure

24 MAY 2026, 17 : 21 : 13 .411875 - Payment processing: RuntimeError('Testing payment failure')
Traceback (most recent call last):
  File "C:\Users\SELVAM\OneDrive\Desktop\POS\Project\main.py", line 1014, in pay_current_receipt
    receipt_no = committer.commit_paid_sale(
                 ^^^^^^^^^^^^^^^^^^^^^^^^^^^
  File "C:\Users\SELVAM\OneDrive\Desktop\POS\Project\modules\db_operation\paid_sale_committer.py", line 105, in commit_paid_sale
    raise RuntimeError("Testing payment failure")
RuntimeError: Testing payment failure

24 MAY 2026, 17 : 21 : 14 .840783 - Payment processing: RuntimeError('Testing payment failure')
Traceback (most recent call last):
  File "C:\Users\SELVAM\OneDrive\Desktop\POS\Project\main.py", line 1014, in pay_current_receipt
    receipt_no = committer.commit_paid_sale(
                 ^^^^^^^^^^^^^^^^^^^^^^^^^^^
  File "C:\Users\SELVAM\OneDrive\Desktop\POS\Project\modules\db_operation\paid_sale_committer.py", line 105, in commit_paid_sale
    raise RuntimeError("Testing payment failure")
RuntimeError: Testing payment failure

24 MAY 2026, 17 : 21 : 15 .455918 - Payment processing: RuntimeError('Testing payment failure')
Traceback (most recent call last):
  File "C:\Users\SELVAM\OneDrive\Desktop\POS\Project\main.py", line 1014, in pay_current_receipt
    receipt_no = committer.commit_paid_sale(
                 ^^^^^^^^^^^^^^^^^^^^^^^^^^^
  File "C:\Users\SELVAM\OneDrive\Desktop\POS\Project\modules\db_operation\paid_sale_committer.py", line 105, in commit_paid_sale
    raise RuntimeError("Testing payment failure")
RuntimeError: Testing payment failure

24 MAY 2026, 17 : 22 : 14 .034984 - Qt: Traceback (most recent call last):
  File "C:\Users\SELVAM\OneDrive\Desktop\POS\Project\modules\devices\barcode_manager.py", line 208, in eventFilter
    def eventFilter(self, obj, event):

KeyboardInterrupt
24 MAY 2026, 17 : 24 : 41 .179802 - Payment processing: RuntimeError('Testing payment failure')
Traceback (most recent call last):
  File "C:\Users\SELVAM\OneDrive\Desktop\POS\Project\main.py", line 1015, in pay_current_receipt
    receipt_no = committer.commit_paid_sale(
                 ^^^^^^^^^^^^^^^^^^^^^^^^^^^
  File "C:\Users\SELVAM\OneDrive\Desktop\POS\Project\modules\db_operation\paid_sale_committer.py", line 105, in commit_paid_sale
    raise RuntimeError("Testing payment failure")
RuntimeError: Testing payment failure

24 MAY 2026, 17 : 24 : 42 .386526 - Payment processing: RuntimeError('Testing payment failure')
Traceback (most recent call last):
  File "C:\Users\SELVAM\OneDrive\Desktop\POS\Project\main.py", line 1015, in pay_current_receipt
    receipt_no = committer.commit_paid_sale(
                 ^^^^^^^^^^^^^^^^^^^^^^^^^^^
  File "C:\Users\SELVAM\OneDrive\Desktop\POS\Project\modules\db_operation\paid_sale_committer.py", line 105, in commit_paid_sale
    raise RuntimeError("Testing payment failure")
RuntimeError: Testing payment failure

24 MAY 2026, 17 : 24 : 43 .247077 - Payment processing: RuntimeError('Testing payment failure')
Traceback (most recent call last):
  File "C:\Users\SELVAM\OneDrive\Desktop\POS\Project\main.py", line 1015, in pay_current_receipt
    receipt_no = committer.commit_paid_sale(
                 ^^^^^^^^^^^^^^^^^^^^^^^^^^^
  File "C:\Users\SELVAM\OneDrive\Desktop\POS\Project\modules\db_operation\paid_sale_committer.py", line 105, in commit_paid_sale
    raise RuntimeError("Testing payment failure")
RuntimeError: Testing payment failure

